<?xml version="1.0" encoding="UTF-8"?>
<!-- Generated by org.testng.reporters.JUnitXMLReporter -->
<testsuite hostname="ip-172-31-77-130" ignored="1" name="Test" tests="1" failures="1" timestamp="2021-06-27T04:14:59 UTC" time="6.863" errors="0">
  <testcase name="logintest2" time="3.55" classname="test.Logintest1">
    <failure type="java.lang.AssertionError" message="expected [The email or password you have entered is invalid] but found [The email or password you have entered is invalid.]">
      <![CDATA[java.lang.AssertionError: expected [The email or password you have entered is invalid] but found [The email or password you have entered is invalid.]
at pages.Loginpage.logintest(Loginpage.java:112)
at test.Logintest1.logintest2(Logintest1.java:44)
at java.util.ArrayList.forEach(ArrayList.java:1259)
... Removed 33 stack frames]]>
    </failure>
  </testcase> <!-- logintest2 -->
  <testcase name="login" time="0.0" classname="test.Logintest1">
    <ignored/>
  </testcase> <!-- login -->
</testsuite> <!-- Test -->
